D:\PRO\TKTEAM\DEBUG\TK.EXE
D:\PRO\TKTEAM\DEBUG\TK.ILK
D:\PRO\TKTEAM\DEBUG\TK.PDB
D:\pro\TKTEAM\TK\Debug\cl.command.1.tlog
D:\pro\TKTEAM\TK\Debug\CL.read.1.tlog
D:\pro\TKTEAM\TK\Debug\CL.write.1.tlog
D:\PRO\TKTEAM\TK\DEBUG\COMMON.OBJ
D:\PRO\TKTEAM\TK\DEBUG\GAME-CLOCK.OBJ
D:\PRO\TKTEAM\TK\DEBUG\GAME-CONTROL.OBJ
D:\pro\TKTEAM\TK\Debug\link.command.1.tlog
D:\pro\TKTEAM\TK\Debug\link.read.1.tlog
D:\pro\TKTEAM\TK\Debug\link.write.1.tlog
D:\PRO\TKTEAM\TK\DEBUG\MCI-SOUND.OBJ
D:\PRO\TKTEAM\TK\DEBUG\SELECT-PANEL.OBJ
D:\PRO\TKTEAM\TK\DEBUG\STDAFX.OBJ
D:\PRO\TKTEAM\TK\DEBUG\TANK.OBJ
D:\PRO\TKTEAM\TK\DEBUG\TANK-COMMON.OBJ
D:\PRO\TKTEAM\TK\DEBUG\TANK-PLAYER.OBJ
D:\PRO\TKTEAM\TK\DEBUG\TK.OBJ
D:\PRO\TKTEAM\TK\DEBUG\TK.PCH
D:\pro\TKTEAM\TK\Debug\TK.write.1.tlog
D:\pro\TKTEAM\TK\Debug\vc100.idb
D:\PRO\TKTEAM\TK\DEBUG\VC100.PDB
